Using pre-set license
Built from '2020.3/release' branch; Version is '2020.3.12f1 (b3b2c6512326) revision 11776710'; Using compiler version '192528614'; Build Type 'Release'
OS: 'Windows 10 Pro; OS build 19042.1466; Version 2009; 64bit' Language: 'ru' Physical Memory: 16342 MB
BatchMode: 1, IsHumanControllingUs: 0, StartBugReporterOnCrash: 0, Is64bit: 1, IsPro: 0

 COMMAND LINE ARGUMENTS:
D:\Unity\2020.3.12f1\Editor\Unity.exe
-adb2
-batchMode
-noUpm
-name
AssetImportWorker0
-projectPath
D:/PROGS/TDS
-logFile
Logs/AssetImportWorker0.log
-srvPort
27879
Successfully changed project path to: D:/PROGS/TDS
D:/PROGS/TDS
Using Asset Import Pipeline V2.
Refreshing native plugins compatible for Editor in 89.19 ms, found 3 plugins.
Preloading 0 native plugins for Editor in 0.00 ms.
Initialize engine version: 2020.3.12f1 (b3b2c6512326)
[Subsystems] Discovering subsystems at path D:/Unity/2020.3.12f1/Editor/Data/Resources/UnitySubsystems
[Subsystems] Discovering subsystems at path D:/PROGS/TDS/Assets
GfxDevice: creating device client; threaded=0
Direct3D:
    Version:  Direct3D 11.0 [level 11.1]
    Renderer: NVIDIA GeForce GTX 1650 SUPER (ID=0x2187)
    Vendor:   
    VRAM:     3955 MB
    Driver:   30.0.14.7247
Initialize mono
Mono path[0] = 'D:/Unity/2020.3.12f1/Editor/Data/Managed'
Mono path[1] = 'D:/Unity/2020.3.12f1/Editor/Data/MonoBleedingEdge/lib/mono/unityjit'
Mono config path = 'D:/Unity/2020.3.12f1/Editor/Data/MonoBleedingEdge/etc'
Using monoOptions --debugger-agent=transport=dt_socket,embedding=1,server=y,suspend=n,address=127.0.0.1:56468
Begin MonoManager ReloadAssembly
Registering precompiled unity dll's ...
Register platform support module: D:/Unity/2020.3.12f1/Editor/Data/PlaybackEngines/WebGLSupport/UnityEditor.WebGL.Extensions.dll
Register platform support module: D:/Unity/2020.3.12f1/Editor/Data/PlaybackEngines/WindowsStandaloneSupport/UnityEditor.WindowsStandalone.Extensions.dll
Registered in 0.002970 seconds.
Native extension for WindowsStandalone target not found
Native extension for WebGL target not found
Refreshing native plugins compatible for Editor in 79.47 ms, found 3 plugins.
Preloading 0 native plugins for Editor in 0.00 ms.
Mono: successfully reloaded assembly
- Completed reload, in  3.053 seconds
Platform modules already initialized, skipping
Registering precompiled user dll's ...
Registered in 0.007382 seconds.
Begin MonoManager ReloadAssembly
Native extension for WindowsStandalone target not found
Native extension for WebGL target not found
Refreshing native plugins compatible for Editor in 79.93 ms, found 3 plugins.
Preloading 0 native plugins for Editor in 0.00 ms.
Mono: successfully reloaded assembly
- Completed reload, in  1.796 seconds
Platform modules already initialized, skipping
========================================================================
Worker process is ready to serve import requests
Launched and connected shader compiler UnityShaderCompiler.exe after 0.06 seconds
Refreshing native plugins compatible for Editor in 0.84 ms, found 3 plugins.
Preloading 0 native plugins for Editor in 0.00 ms.
Unloading 3042 Unused Serialized files (Serialized files now loaded: 0)
System memory in use before: 122.9 MB.
System memory in use after: 123.0 MB.

Unloading 33 unused Assets to reduce memory usage. Loaded Objects now: 3488.
Total: 3.560100 ms (FindLiveObjects: 0.307600 ms CreateObjectMapping: 0.127600 ms MarkObjects: 2.976800 ms  DeleteObjects: 0.146000 ms)

AssetImportParameters requested are different than current active one (requested -> active):
  custom:framework-win-MediaFoundation: 216162199b28c13a410421893ffa2e32 -> 
  custom:video-decoder-ogg-theora: a1e56fd34408186e4bbccfd4996cb3dc -> 
  custom:container-muxer-webm: aa71ff27fc2769a1b78a27578f13a17b -> 
  custom:container-demuxer-webm: 4f35f7cbe854078d1ac9338744f61a02 -> 
  custom:container-demuxer-ogg: 62fdf1f143b41e24485cea50d1cbac27 -> 
  custom:video-encoder-webm-vp8: eb34c28f22e8b96e1ab97ce403110664 -> 
  custom:video-decoder-webm-vp8: 9c59270c3fd7afecdb556c50c9e8de78 -> 
  custom:audio-decoder-ogg-vorbis: bf7c407c2cedff20999df2af8eb42d56 -> 
  custom:audio-encoder-webm-vorbis: bf7c407c2cedff20999df2af8eb42d56 -> 
========================================================================
Received Import Request.
  path: Assets/Joystick Pack/Sprites/Horizontal Backgrounds/Horizontal_Plain.png
  artifactKey: Guid(097782735540f2d4db5606eae04ae6a7) Importer(815301076,1909f56bfc062723c751e8b465ee728b)
Start importing Assets/Joystick Pack/Sprites/Horizontal Backgrounds/Horizontal_Plain.png using Guid(097782735540f2d4db5606eae04ae6a7) Importer(815301076,1909f56bfc062723c751e8b465ee728b)  -> (artifact id: 'ae9850935a6f88aed2bf4215373923f2') in 0.229039 seconds 
  Import took 0.235294 seconds .

========================================================================
Received Import Request.
  Time since last request: 0.000498 seconds.
  path: Assets/Joystick Pack/Sprites/Vertical Backgrounds/Vertical_Ridged_Arrows.png
  artifactKey: Guid(9332cf0d233636a40a024382720294a3) Importer(815301076,1909f56bfc062723c751e8b465ee728b)
Start importing Assets/Joystick Pack/Sprites/Vertical Backgrounds/Vertical_Ridged_Arrows.png using Guid(9332cf0d233636a40a024382720294a3) Importer(815301076,1909f56bfc062723c751e8b465ee728b)  -> (artifact id: '1ad53eb911abe18082260eba82e72783') in 0.027132 seconds 
  Import took 0.034091 seconds .

========================================================================
Received Import Request.
  Time since last request: 0.000322 seconds.
  path: Assets/Joystick Pack/Sprites/Handles/Handle_Outline_Arrows.png
  artifactKey: Guid(5eda94a9dcf71e445ad17e3c065d1460) Importer(815301076,1909f56bfc062723c751e8b465ee728b)
Start importing Assets/Joystick Pack/Sprites/Handles/Handle_Outline_Arrows.png using Guid(5eda94a9dcf71e445ad17e3c065d1460) Importer(815301076,1909f56bfc062723c751e8b465ee728b)  -> (artifact id: '9e545a25c2f88b9a966e40d453e16169') in 0.016154 seconds 
  Import took 0.022214 seconds .

========================================================================
Received Import Request.
  Time since last request: 0.000340 seconds.
  path: Assets/Sprites/Joystick/Joystick.png
  artifactKey: Guid(719a5cbfe94c0704cad5271abed0e5e1) Importer(815301076,1909f56bfc062723c751e8b465ee728b)
Start importing Assets/Sprites/Joystick/Joystick.png using Guid(719a5cbfe94c0704cad5271abed0e5e1) Importer(815301076,1909f56bfc062723c751e8b465ee728b)  -> (artifact id: '213d6e2abb655ffb67386138b37724e1') in 0.010955 seconds 
  Import took 0.018095 seconds .

========================================================================
Received Import Request.
  Time since last request: 0.000358 seconds.
  path: Assets/Joystick Pack/Sprites/Handles/Handle_Ridged.png
  artifactKey: Guid(3a74f678ee8f3bd49aacf3de1ae4bcaa) Importer(815301076,1909f56bfc062723c751e8b465ee728b)
Start importing Assets/Joystick Pack/Sprites/Handles/Handle_Ridged.png using Guid(3a74f678ee8f3bd49aacf3de1ae4bcaa) Importer(815301076,1909f56bfc062723c751e8b465ee728b)  -> (artifact id: '4649d4bc7f2761af3926ecd87ed2efbb') in 0.012750 seconds 
  Import took 0.019341 seconds .

========================================================================
Received Import Request.
  Time since last request: 0.000340 seconds.
  path: Assets/Sprites/PlayeNMr.png
  artifactKey: Guid(bf43679c36ffa1f4e977a4ab3178ac57) Importer(815301076,1909f56bfc062723c751e8b465ee728b)
Start importing Assets/Sprites/PlayeNMr.png using Guid(bf43679c36ffa1f4e977a4ab3178ac57) Importer(815301076,1909f56bfc062723c751e8b465ee728b)  -> (artifact id: '25e50a0d8d95451f6450965ddf015cc1') in 0.007177 seconds 
  Import took 0.013148 seconds .

========================================================================
Received Import Request.
  Time since last request: 0.000321 seconds.
  path: Assets/Joystick Pack/Sprites/Handles/Handle_Outline.png
  artifactKey: Guid(085185b08a40a924985bc0e4176edea6) Importer(815301076,1909f56bfc062723c751e8b465ee728b)
Start importing Assets/Joystick Pack/Sprites/Handles/Handle_Outline.png using Guid(085185b08a40a924985bc0e4176edea6) Importer(815301076,1909f56bfc062723c751e8b465ee728b)  -> (artifact id: '7ff9c62b345372fdd8ef022b559f9856') in 0.013988 seconds 
  Import took 0.020142 seconds .

========================================================================
Received Import Request.
  Time since last request: 0.000328 seconds.
  path: Assets/Joystick Pack/Sprites/Handles/Handle_Ridged_Arrows.png
  artifactKey: Guid(a6c56474666ce0647bdb766e9b4764b3) Importer(815301076,1909f56bfc062723c751e8b465ee728b)
Start importing Assets/Joystick Pack/Sprites/Handles/Handle_Ridged_Arrows.png using Guid(a6c56474666ce0647bdb766e9b4764b3) Importer(815301076,1909f56bfc062723c751e8b465ee728b)  -> (artifact id: 'bcd4758d6abaccfc4f5740fc825204d6') in 0.012410 seconds 
  Import took 0.019381 seconds .

========================================================================
Received Import Request.
  Time since last request: 0.000291 seconds.
  path: Assets/Joystick Pack/Sprites/Vertical Backgrounds/Vertical_Plain_Arrows.png
  artifactKey: Guid(3bf6d9f920f7458448a390f80318ebe6) Importer(815301076,1909f56bfc062723c751e8b465ee728b)
Start importing Assets/Joystick Pack/Sprites/Vertical Backgrounds/Vertical_Plain_Arrows.png using Guid(3bf6d9f920f7458448a390f80318ebe6) Importer(815301076,1909f56bfc062723c751e8b465ee728b)  -> (artifact id: '0cc386a4e56fc30fd67dbbc86566f7fd') in 0.016756 seconds 
  Import took 0.023131 seconds .

========================================================================
Received Import Request.
  Time since last request: 0.000314 seconds.
  path: Assets/Joystick Pack/Sprites/All Axis Backgrounds/AllAxis_Outline.png
  artifactKey: Guid(5b56d9fa0e8bd6e409ed188db38a692c) Importer(815301076,1909f56bfc062723c751e8b465ee728b)
Start importing Assets/Joystick Pack/Sprites/All Axis Backgrounds/AllAxis_Outline.png using Guid(5b56d9fa0e8bd6e409ed188db38a692c) Importer(815301076,1909f56bfc062723c751e8b465ee728b)  -> (artifact id: '96da2183ddc1547a8ffa4b7233d917fe') in 0.015892 seconds 
  Import took 0.021735 seconds .

========================================================================
Received Import Request.
  Time since last request: 0.000317 seconds.
  path: Assets/Joystick Pack/Sprites/All Axis Backgrounds/AllAxis_Plain.png
  artifactKey: Guid(84487d73ca4b791498332d8f6858417f) Importer(815301076,1909f56bfc062723c751e8b465ee728b)
Start importing Assets/Joystick Pack/Sprites/All Axis Backgrounds/AllAxis_Plain.png using Guid(84487d73ca4b791498332d8f6858417f) Importer(815301076,1909f56bfc062723c751e8b465ee728b)  -> (artifact id: '17f12c81e75d41a0b4c1660966448c21') in 0.018081 seconds 
  Import took 0.025400 seconds .

========================================================================
Received Import Request.
  Time since last request: 0.000324 seconds.
  path: Assets/Joystick Pack/Sprites/Vertical Backgrounds/Vertical_Plain.png
  artifactKey: Guid(ab6db91373811284caeba2e9472fa9c2) Importer(815301076,1909f56bfc062723c751e8b465ee728b)
Start importing Assets/Joystick Pack/Sprites/Vertical Backgrounds/Vertical_Plain.png using Guid(ab6db91373811284caeba2e9472fa9c2) Importer(815301076,1909f56bfc062723c751e8b465ee728b)  -> (artifact id: '674341b3db3a10c1d6df67476a8954a3') in 0.017446 seconds 
  Import took 0.023144 seconds .

========================================================================
Received Import Request.
  Time since last request: 0.000351 seconds.
  path: Assets/Sprites/PlayerAnim.png
  artifactKey: Guid(f79aec2a933415b40967a1b3a48f09ed) Importer(815301076,1909f56bfc062723c751e8b465ee728b)
Start importing Assets/Sprites/PlayerAnim.png using Guid(f79aec2a933415b40967a1b3a48f09ed) Importer(815301076,1909f56bfc062723c751e8b465ee728b)  -> (artifact id: 'a4fad30ec8a607e7dbf0552f73752771') in 0.028280 seconds 
  Import took 0.035247 seconds .

========================================================================
Received Import Request.
  Time since last request: 0.000315 seconds.
  path: Assets/Joystick Pack/Sprites/Horizontal Backgrounds/Horizontal_Outline_Arrows.png
  artifactKey: Guid(7927b9032dc11e841af3f9a1353d7ecd) Importer(815301076,1909f56bfc062723c751e8b465ee728b)
Start importing Assets/Joystick Pack/Sprites/Horizontal Backgrounds/Horizontal_Outline_Arrows.png using Guid(7927b9032dc11e841af3f9a1353d7ecd) Importer(815301076,1909f56bfc062723c751e8b465ee728b)  -> (artifact id: '729a4aa2c52dc5c48c1589278e0a13a2') in 0.017628 seconds 
  Import took 0.024844 seconds .

========================================================================
Received Import Request.
  Time since last request: 0.000305 seconds.
  path: Assets/Sprites/Joystick/JoystickMidle.png
  artifactKey: Guid(d9a5b0eea19472843b349277161b1b9e) Importer(815301076,1909f56bfc062723c751e8b465ee728b)
Start importing Assets/Sprites/Joystick/JoystickMidle.png using Guid(d9a5b0eea19472843b349277161b1b9e) Importer(815301076,1909f56bfc062723c751e8b465ee728b)  -> (artifact id: '65720c56c9a81e8d854430b863f78540') in 0.010350 seconds 
  Import took 0.016072 seconds .

========================================================================
Received Import Request.
  Time since last request: 0.000436 seconds.
  path: Assets/Joystick Pack/Sprites/All Axis Backgrounds/AllAxis_Plain_Arrows.png
  artifactKey: Guid(2a1f3cba20f3e11498474a705db12fde) Importer(815301076,1909f56bfc062723c751e8b465ee728b)
Start importing Assets/Joystick Pack/Sprites/All Axis Backgrounds/AllAxis_Plain_Arrows.png using Guid(2a1f3cba20f3e11498474a705db12fde) Importer(815301076,1909f56bfc062723c751e8b465ee728b)  -> (artifact id: 'd6339286ad72bcd241c5f3ead3378789') in 0.016169 seconds 
  Import took 0.023325 seconds .

========================================================================
Received Import Request.
  Time since last request: 0.000297 seconds.
  path: Assets/Sprites/Env1NormalMap.png
  artifactKey: Guid(29b06ea02d2564b42a1af2e302cce567) Importer(815301076,1909f56bfc062723c751e8b465ee728b)
Start importing Assets/Sprites/Env1NormalMap.png using Guid(29b06ea02d2564b42a1af2e302cce567) Importer(815301076,1909f56bfc062723c751e8b465ee728b)  -> (artifact id: '65fd592a41e936f8df80fa9c4a5cd53a') in 0.018824 seconds 
  Import took 0.024795 seconds .

========================================================================
Received Import Request.
  Time since last request: 0.000520 seconds.
  path: Assets/Joystick Pack/Sprites/All Axis Backgrounds/AllAxis_Ridged.png
  artifactKey: Guid(54628aafa20f64b40ae661038ee7abf0) Importer(815301076,1909f56bfc062723c751e8b465ee728b)
Start importing Assets/Joystick Pack/Sprites/All Axis Backgrounds/AllAxis_Ridged.png using Guid(54628aafa20f64b40ae661038ee7abf0) Importer(815301076,1909f56bfc062723c751e8b465ee728b)  -> (artifact id: '5542cb587b7cf9494ba3d7238aa97a44') in 0.017667 seconds 
  Import took 0.024455 seconds .

========================================================================
Received Import Request.
  Time since last request: 0.000319 seconds.
  path: Assets/Joystick Pack/Sprites/Horizontal Backgrounds/Horizontal_Ridged_Arrows.png
  artifactKey: Guid(b8467ea5fbaf9ba42908de6411bd443d) Importer(815301076,1909f56bfc062723c751e8b465ee728b)
Start importing Assets/Joystick Pack/Sprites/Horizontal Backgrounds/Horizontal_Ridged_Arrows.png using Guid(b8467ea5fbaf9ba42908de6411bd443d) Importer(815301076,1909f56bfc062723c751e8b465ee728b)  -> (artifact id: '6193e61561dd524a4e5099f20715f2f3') in 0.018907 seconds 
  Import took 0.025116 seconds .

========================================================================
Received Import Request.
  Time since last request: 0.000401 seconds.
  path: Assets/Sprites/Hp/ManaImg.png
  artifactKey: Guid(d8e1fec047e0a90439fd19c1ccad3539) Importer(815301076,1909f56bfc062723c751e8b465ee728b)
Start importing Assets/Sprites/Hp/ManaImg.png using Guid(d8e1fec047e0a90439fd19c1ccad3539) Importer(815301076,1909f56bfc062723c751e8b465ee728b)  -> (artifact id: 'df038e8be6ce098f2128721d7f151884') in 0.028076 seconds 
  Import took 0.035731 seconds .

========================================================================
Received Import Request.
  Time since last request: 0.000424 seconds.
  path: Assets/Sprites/PlayerRun.png
  artifactKey: Guid(865d279512873f24e804ef67e749769d) Importer(815301076,1909f56bfc062723c751e8b465ee728b)
Start importing Assets/Sprites/PlayerRun.png using Guid(865d279512873f24e804ef67e749769d) Importer(815301076,1909f56bfc062723c751e8b465ee728b)  -> (artifact id: 'b83bdd25ffdd04ee2279118e2564b07a') in 0.017590 seconds 
  Import took 0.026588 seconds .

========================================================================
Received Import Request.
  Time since last request: 0.000388 seconds.
  path: Assets/Sprites/TileSet v0.2normalmap3.png
  artifactKey: Guid(bef418d0f4fbb6e49ad5b152f2f8f9b1) Importer(815301076,1909f56bfc062723c751e8b465ee728b)
Start importing Assets/Sprites/TileSet v0.2normalmap3.png using Guid(bef418d0f4fbb6e49ad5b152f2f8f9b1) Importer(815301076,1909f56bfc062723c751e8b465ee728b)  -> (artifact id: '2211f0e0c6b762e37ae815922f5d9c8c') in 0.051820 seconds 
  Import took 0.060391 seconds .

========================================================================
Received Import Request.
  Time since last request: 0.000338 seconds.
  path: Assets/Sprites/TileSet v0.2.png
  artifactKey: Guid(b3d895011fc2e124ab7b5ae97a6fbed1) Importer(815301076,1909f56bfc062723c751e8b465ee728b)
Start importing Assets/Sprites/TileSet v0.2.png using Guid(b3d895011fc2e124ab7b5ae97a6fbed1) Importer(815301076,1909f56bfc062723c751e8b465ee728b)  -> (artifact id: '82e8fe386ae31cd34bdaf174b6c25002') in 0.134269 seconds 
  Import took 0.140647 seconds .

========================================================================
Received Import Request.
  Time since last request: 0.000317 seconds.
  path: Assets/Joystick Pack/Sprites/All Axis Backgrounds/AllAxis_Outline_Arrows.png
  artifactKey: Guid(48c0d4d6bebaa934384b07aa1e2f8184) Importer(815301076,1909f56bfc062723c751e8b465ee728b)
Start importing Assets/Joystick Pack/Sprites/All Axis Backgrounds/AllAxis_Outline_Arrows.png using Guid(48c0d4d6bebaa934384b07aa1e2f8184) Importer(815301076,1909f56bfc062723c751e8b465ee728b)  -> (artifact id: '84b4f89e7be8e330ead60b93536076eb') in 0.016973 seconds 
  Import took 0.022160 seconds .

========================================================================
Received Import Request.
  Time since last request: 0.000335 seconds.
  path: Assets/Joystick Pack/Sprites/Handles/Handle_Plain_Arrows.png
  artifactKey: Guid(f353d42d1db27ff42b78b28efd86b316) Importer(815301076,1909f56bfc062723c751e8b465ee728b)
Start importing Assets/Joystick Pack/Sprites/Handles/Handle_Plain_Arrows.png using Guid(f353d42d1db27ff42b78b28efd86b316) Importer(815301076,1909f56bfc062723c751e8b465ee728b)  -> (artifact id: 'eccffc395946908e4d967dbef5e11243') in 0.021505 seconds 
  Import took 0.027467 seconds .

========================================================================
Received Import Request.
  Time since last request: 0.000321 seconds.
  path: Assets/Joystick Pack/Sprites/All Axis Backgrounds/AllAxis_Ridged_Arrows.png
  artifactKey: Guid(4cbc879550e5e374a925e2e0a84d6f3c) Importer(815301076,1909f56bfc062723c751e8b465ee728b)
Start importing Assets/Joystick Pack/Sprites/All Axis Backgrounds/AllAxis_Ridged_Arrows.png using Guid(4cbc879550e5e374a925e2e0a84d6f3c) Importer(815301076,1909f56bfc062723c751e8b465ee728b)  -> (artifact id: 'ad8819d405fd029e6349cf1664862ef1') in 0.014611 seconds 
  Import took 0.020968 seconds .

========================================================================
Received Import Request.
  Time since last request: 0.000304 seconds.
  path: Assets/Sprites/ChestNM.png
  artifactKey: Guid(0ba933351a030aa4caac6d7d04a2cf73) Importer(815301076,1909f56bfc062723c751e8b465ee728b)
Start importing Assets/Sprites/ChestNM.png using Guid(0ba933351a030aa4caac6d7d04a2cf73) Importer(815301076,1909f56bfc062723c751e8b465ee728b)  -> (artifact id: '1487363cf3f9e671b92474dae3874139') in 0.015442 seconds 
  Import took 0.022212 seconds .

========================================================================
Received Import Request.
  Time since last request: 0.000307 seconds.
  path: Assets/Joystick Pack/Sprites/Vertical Backgrounds/Vertical_Outline_Arrows.png
  artifactKey: Guid(c615706690ca87043ad593475e6db7ec) Importer(815301076,1909f56bfc062723c751e8b465ee728b)
Start importing Assets/Joystick Pack/Sprites/Vertical Backgrounds/Vertical_Outline_Arrows.png using Guid(c615706690ca87043ad593475e6db7ec) Importer(815301076,1909f56bfc062723c751e8b465ee728b)  -> (artifact id: '0084b87b677d9cd34f98f0637e1fa2e0') in 0.016653 seconds 
  Import took 0.022476 seconds .

========================================================================
Received Import Request.
  Time since last request: 0.000297 seconds.
  path: Assets/Sprites/gun.png
  artifactKey: Guid(dd652c3adb79ac84498b40fb39cae1e1) Importer(815301076,1909f56bfc062723c751e8b465ee728b)
Start importing Assets/Sprites/gun.png using Guid(dd652c3adb79ac84498b40fb39cae1e1) Importer(815301076,1909f56bfc062723c751e8b465ee728b)  -> (artifact id: '49ce46610f8637b48128c1d59aa9b1ec') in 0.010521 seconds 
  Import took 0.016314 seconds .

========================================================================
Received Import Request.
  Time since last request: 0.000299 seconds.
  path: Assets/Sprites/bullet.png
  artifactKey: Guid(243a7aeaae2c80e4a8028db28af83069) Importer(815301076,1909f56bfc062723c751e8b465ee728b)
Start importing Assets/Sprites/bullet.png using Guid(243a7aeaae2c80e4a8028db28af83069) Importer(815301076,1909f56bfc062723c751e8b465ee728b)  -> (artifact id: '800984cda19bf8326f857bd083ca023f') in 0.011304 seconds 
  Import took 0.018742 seconds .

========================================================================
Received Import Request.
  Time since last request: 0.000299 seconds.
  path: Assets/Joystick Pack/Sprites/Horizontal Backgrounds/Horizontal_Ridged.png
  artifactKey: Guid(6304ad603f150b649b764d29bbc2a87b) Importer(815301076,1909f56bfc062723c751e8b465ee728b)
Start importing Assets/Joystick Pack/Sprites/Horizontal Backgrounds/Horizontal_Ridged.png using Guid(6304ad603f150b649b764d29bbc2a87b) Importer(815301076,1909f56bfc062723c751e8b465ee728b)  -> (artifact id: '5b8699d17fbf2942fedd630e3140f4a0') in 0.025315 seconds 
  Import took 0.032429 seconds .

========================================================================
Received Import Request.
  Time since last request: 0.000302 seconds.
  path: Assets/Sprites/Player.png
  artifactKey: Guid(9ebfd08497f339c41910d8069fd9efda) Importer(815301076,1909f56bfc062723c751e8b465ee728b)
Start importing Assets/Sprites/Player.png using Guid(9ebfd08497f339c41910d8069fd9efda) Importer(815301076,1909f56bfc062723c751e8b465ee728b)  -> (artifact id: 'dc638c50d20a0b681937435347430e87') in 0.009657 seconds 
  Import took 0.015997 seconds .

========================================================================
Received Import Request.
  Time since last request: 0.000336 seconds.
  path: Assets/Sprites/Hp/HpBar.png
  artifactKey: Guid(ff85387e50df6f24e9cb8ecc025378a9) Importer(815301076,1909f56bfc062723c751e8b465ee728b)
Start importing Assets/Sprites/Hp/HpBar.png using Guid(ff85387e50df6f24e9cb8ecc025378a9) Importer(815301076,1909f56bfc062723c751e8b465ee728b)  -> (artifact id: '60a46c04c64cdd7919d4adfff98abb0f') in 0.012270 seconds 
  Import took 0.019505 seconds .

========================================================================
Received Import Request.
  Time since last request: 0.000408 seconds.
  path: Assets/Joystick Pack/Sprites/Vertical Backgrounds/Vertical_Ridged.png
  artifactKey: Guid(08c1fa6351174a9439d97cfc9d3307cc) Importer(815301076,1909f56bfc062723c751e8b465ee728b)
Start importing Assets/Joystick Pack/Sprites/Vertical Backgrounds/Vertical_Ridged.png using Guid(08c1fa6351174a9439d97cfc9d3307cc) Importer(815301076,1909f56bfc062723c751e8b465ee728b)  -> (artifact id: '6707f52c909af90804b14617934b4f0b') in 0.020847 seconds 
  Import took 0.028870 seconds .

========================================================================
Received Import Request.
  Time since last request: 0.000294 seconds.
  path: Assets/Sprites/Hp/HpImg.png
  artifactKey: Guid(450d9246d4b89ae4aa0404749b5744bd) Importer(815301076,1909f56bfc062723c751e8b465ee728b)
Start importing Assets/Sprites/Hp/HpImg.png using Guid(450d9246d4b89ae4aa0404749b5744bd) Importer(815301076,1909f56bfc062723c751e8b465ee728b)  -> (artifact id: 'acaa09e3f186ab5cdb2f4a9b6cb084ce') in 0.012863 seconds 
  Import took 0.022456 seconds .

========================================================================
Received Import Request.
  Time since last request: 0.000409 seconds.
  path: Assets/Joystick Pack/Sprites/Vertical Backgrounds/Vertical_Outline.png
  artifactKey: Guid(f054197ef28924b4986cbd91de2ab054) Importer(815301076,1909f56bfc062723c751e8b465ee728b)
Start importing Assets/Joystick Pack/Sprites/Vertical Backgrounds/Vertical_Outline.png using Guid(f054197ef28924b4986cbd91de2ab054) Importer(815301076,1909f56bfc062723c751e8b465ee728b)  -> (artifact id: '7d9ce7661c1a514d462ae8ade0669170') in 0.018998 seconds 
  Import took 0.025604 seconds .

========================================================================
Received Import Request.
  Time since last request: 0.000345 seconds.
  path: Assets/Sprites/Env1.png
  artifactKey: Guid(5558905f5a40efe49b7e74ccede09359) Importer(815301076,1909f56bfc062723c751e8b465ee728b)
Start importing Assets/Sprites/Env1.png using Guid(5558905f5a40efe49b7e74ccede09359) Importer(815301076,1909f56bfc062723c751e8b465ee728b)  -> (artifact id: 'fdbb9ea710ad68567e755c6131966175') in 0.031821 seconds 
  Import took 0.037819 seconds .

========================================================================
Received Import Request.
  Time since last request: 0.000330 seconds.
  path: Assets/Joystick Pack/Sprites/Handles/Handle_Plain.png
  artifactKey: Guid(010a6e5305fa7004f89c5d317b7b47d4) Importer(815301076,1909f56bfc062723c751e8b465ee728b)
Start importing Assets/Joystick Pack/Sprites/Handles/Handle_Plain.png using Guid(010a6e5305fa7004f89c5d317b7b47d4) Importer(815301076,1909f56bfc062723c751e8b465ee728b)  -> (artifact id: '860019f4e80d30d587b81fac64396a34') in 0.014141 seconds 
  Import took 0.021333 seconds .

========================================================================
Received Import Request.
  Time since last request: 0.000309 seconds.
  path: Assets/Joystick Pack/Sprites/Horizontal Backgrounds/Horizontal_Plain_Arrows.png
  artifactKey: Guid(c8585b68a92b5d440992ddd7d1b1a3d6) Importer(815301076,1909f56bfc062723c751e8b465ee728b)
Start importing Assets/Joystick Pack/Sprites/Horizontal Backgrounds/Horizontal_Plain_Arrows.png using Guid(c8585b68a92b5d440992ddd7d1b1a3d6) Importer(815301076,1909f56bfc062723c751e8b465ee728b)  -> (artifact id: 'ff983efd0aaf2019c8d9f4500285a431') in 0.015895 seconds 
  Import took 0.021893 seconds .

========================================================================
Received Import Request.
  Time since last request: 0.000300 seconds.
  path: Assets/Joystick Pack/Sprites/Horizontal Backgrounds/Horizontal_Outline.png
  artifactKey: Guid(cd0a2c1b2c014ba4c80c1df786e150e9) Importer(815301076,1909f56bfc062723c751e8b465ee728b)
Start importing Assets/Joystick Pack/Sprites/Horizontal Backgrounds/Horizontal_Outline.png using Guid(cd0a2c1b2c014ba4c80c1df786e150e9) Importer(815301076,1909f56bfc062723c751e8b465ee728b)  -> (artifact id: 'a609bc4b00fb754da6674b18ef4abbca') in 0.013685 seconds 
  Import took 0.020467 seconds .

========================================================================
Received Prepare
Refreshing native plugins compatible for Editor in 5.49 ms, found 3 plugins.
Preloading 0 native plugins for Editor in 0.00 ms.
Unloading 19 Unused Serialized files (Serialized files now loaded: 0)
System memory in use before: 65.8 MB.
System memory in use after: 65.9 MB.

Unloading 19 unused Assets to reduce memory usage. Loaded Objects now: 3512.
Total: 4.687500 ms (FindLiveObjects: 0.333600 ms CreateObjectMapping: 0.111400 ms MarkObjects: 4.088700 ms  DeleteObjects: 0.152100 ms)

AssetImportParameters requested are different than current active one (requested -> active):
  custom:framework-win-MediaFoundation: 216162199b28c13a410421893ffa2e32 -> 
  custom:video-decoder-ogg-theora: a1e56fd34408186e4bbccfd4996cb3dc -> 
  custom:container-muxer-webm: aa71ff27fc2769a1b78a27578f13a17b -> 
  custom:container-demuxer-webm: 4f35f7cbe854078d1ac9338744f61a02 -> 
  custom:container-demuxer-ogg: 62fdf1f143b41e24485cea50d1cbac27 -> 
  custom:video-encoder-webm-vp8: eb34c28f22e8b96e1ab97ce403110664 -> 
  custom:video-decoder-webm-vp8: 9c59270c3fd7afecdb556c50c9e8de78 -> 
  custom:audio-decoder-ogg-vorbis: bf7c407c2cedff20999df2af8eb42d56 -> 
  custom:audio-encoder-webm-vorbis: bf7c407c2cedff20999df2af8eb42d56 -> 
AssetImportWorkerClient::OnTransportError - code=2 error=End of file
